c:\users\administrator\desktop\selfdraw\imguidraw\release\vc143.pdb
c:\users\administrator\desktop\selfdraw\imguidraw\release\ownimgui.obj
c:\users\administrator\desktop\selfdraw\imguidraw\release\main.obj
c:\users\administrator\desktop\selfdraw\imguidraw\release\imgui_widgets.obj
c:\users\administrator\desktop\selfdraw\imguidraw\release\imgui_impl_win32.obj
c:\users\administrator\desktop\selfdraw\imguidraw\release\imgui_impl_dx11.obj
c:\users\administrator\desktop\selfdraw\imguidraw\release\imgui_draw.obj
c:\users\administrator\desktop\selfdraw\imguidraw\release\imgui_demo.obj
c:\users\administrator\desktop\selfdraw\imguidraw\release\imgui.obj
c:\users\administrator\desktop\selfdraw\imguidraw\release\searchmemory.obj
c:\users\administrator\desktop\selfdraw\imguidraw\release\memory.obj
c:\users\administrator\desktop\selfdraw\release\imguidraw.exe
c:\users\administrator\desktop\selfdraw\imguidraw\release\imguidraw.iobj
c:\users\administrator\desktop\selfdraw\release\imguidraw.pdb
c:\users\administrator\desktop\selfdraw\imguidraw\release\custom.obj
c:\users\administrator\desktop\selfdraw\imguidraw\release\imguidraw.ipdb
c:\users\administrator\desktop\selfdraw\imguidraw\release\imguidraw.tlog\cl.command.1.tlog
c:\users\administrator\desktop\selfdraw\imguidraw\release\imguidraw.tlog\cl.read.1.tlog
c:\users\administrator\desktop\selfdraw\imguidraw\release\imguidraw.tlog\cl.write.1.tlog
c:\users\administrator\desktop\selfdraw\imguidraw\release\imguidraw.tlog\link.command.1.tlog
c:\users\administrator\desktop\selfdraw\imguidraw\release\imguidraw.tlog\link.read.1.tlog
c:\users\administrator\desktop\selfdraw\imguidraw\release\imguidraw.tlog\link.write.1.tlog
