  main.cpp
C:\Users\Administrator\Desktop\SelfDraw\ImGuiDraw\Memory.h(93,26): warning C4244: “=”: 从“WCHAR”转换到“CHAR”，可能丢失数据
C:\Users\Administrator\Desktop\SelfDraw\ImGuiDraw\Draw.hpp(66,46): warning C4244: “=”: 从“double”转换到“float”，可能丢失数据
C:\Users\Administrator\Desktop\SelfDraw\ImGuiDraw\Draw.hpp(67,49): warning C4244: “=”: 从“double”转换到“float”，可能丢失数据
C:\Users\Administrator\Desktop\SelfDraw\ImGuiDraw\Draw.hpp(68,50): warning C4244: “=”: 从“double”转换到“float”，可能丢失数据
C:\Users\Administrator\Desktop\SelfDraw\ImGuiDraw\Draw.hpp(69,48): warning C4244: “=”: 从“double”转换到“float”，可能丢失数据
C:\Users\Administrator\Desktop\SelfDraw\ImGuiDraw\Draw.hpp(70,80): warning C4244: “=”: 从“double”转换到“float”，可能丢失数据
C:\Users\Administrator\Desktop\SelfDraw\ImGuiDraw\Draw.hpp(92,47): warning C4244: “=”: 从“double”转换到“float”，可能丢失数据
C:\Users\Administrator\Desktop\SelfDraw\ImGuiDraw\Draw.hpp(93,62): warning C4244: “=”: 从“double”转换到“float”，可能丢失数据
C:\Users\Administrator\Desktop\SelfDraw\ImGuiDraw\Draw.hpp(94,62): warning C4244: “=”: 从“double”转换到“float”，可能丢失数据
C:\Users\Administrator\Desktop\SelfDraw\ImGuiDraw\Draw.hpp(98,93): warning C4244: “参数”: 从“int”转换到“float”，可能丢失数据
C:\Users\Administrator\Desktop\SelfDraw\ImGuiDraw\Draw.hpp(102,93): warning C4244: “参数”: 从“int”转换到“float”，可能丢失数据
C:\Users\Administrator\Desktop\SelfDraw\ImGuiDraw\Draw.hpp(107,13): warning C4244: “初始化”: 从“int”转换到“float”，可能丢失数据
C:\Users\Administrator\Desktop\SelfDraw\ImGuiDraw\Draw.hpp(108,13): warning C4244: “初始化”: 从“int”转换到“float”，可能丢失数据
C:\Users\Administrator\Desktop\SelfDraw\ImGuiDraw\Draw.hpp(115,74): warning C4244: “=”: 从“double”转换到“float”，可能丢失数据
C:\Users\Administrator\Desktop\SelfDraw\ImGuiDraw\Draw.hpp(116,74): warning C4244: “=”: 从“double”转换到“float”，可能丢失数据
C:\Users\Administrator\Desktop\SelfDraw\ImGuiDraw\Draw.hpp(117,69): warning C4244: “=”: 从“double”转换到“float”，可能丢失数据
C:\Users\Administrator\Desktop\SelfDraw\ImGuiDraw\Draw.hpp(118,74): warning C4244: “=”: 从“double”转换到“float”，可能丢失数据
C:\Users\Administrator\Desktop\SelfDraw\ImGuiDraw\Draw.hpp(120,38): warning C4244: “=”: 从“double”转换到“float”，可能丢失数据
C:\Users\Administrator\Desktop\SelfDraw\ImGuiDraw\Draw.hpp(121,39): warning C4244: “=”: 从“double”转换到“float”，可能丢失数据
C:\Users\Administrator\Desktop\SelfDraw\ImGuiDraw\Draw.hpp(177,87): warning C4244: “参数”: 从“float”转换到“int”，可能丢失数据
C:\Users\Administrator\Desktop\SelfDraw\ImGuiDraw\Draw.hpp(209,35): warning C4244: “=”: 从“double”转换到“float”，可能丢失数据
C:\Users\Administrator\Desktop\SelfDraw\ImGuiDraw\Draw.hpp(210,29): warning C4244: “=”: 从“float”转换到“int”，可能丢失数据
C:\Users\Administrator\Desktop\SelfDraw\ImGuiDraw\Draw.hpp(211,29): warning C4244: “=”: 从“float”转换到“int”，可能丢失数据
C:\Users\Administrator\Desktop\SelfDraw\ImGuiDraw\Draw.hpp(189,6): warning C4101: “Sides”: 未引用的局部变量
C:\Users\Administrator\Desktop\SelfDraw\ImGuiDraw\Draw.hpp(228,34): warning C4305: “初始化”: 从“double”到“float”截断
C:\Users\Administrator\Desktop\SelfDraw\ImGuiDraw\Draw.hpp(248,36): warning C4244: “=”: 从“float”转换到“int”，可能丢失数据
C:\Users\Administrator\Desktop\SelfDraw\ImGuiDraw\Draw.hpp(249,36): warning C4244: “=”: 从“float”转换到“int”，可能丢失数据
C:\Users\Administrator\Desktop\SelfDraw\ImGuiDraw\Draw.hpp(252,44): warning C4244: “=”: 从“float”转换到“int”，可能丢失数据
C:\Users\Administrator\Desktop\SelfDraw\ImGuiDraw\Draw.hpp(253,44): warning C4244: “=”: 从“float”转换到“int”，可能丢失数据
C:\Users\Administrator\Desktop\SelfDraw\ImGuiDraw\Draw.hpp(314,16): warning C4244: “初始化”: 从“double”转换到“float”，可能丢失数据
C:\Users\Administrator\Desktop\SelfDraw\ImGuiDraw\Draw.hpp(322,34): warning C4244: “+=”: 从“double”转换到“float”，可能丢失数据
C:\Users\Administrator\Desktop\SelfDraw\ImGuiDraw\Draw.hpp(323,34): warning C4244: “+=”: 从“double”转换到“float”，可能丢失数据
C:\Users\Administrator\Desktop\SelfDraw\ImGuiDraw\Draw.hpp(328,107): warning C4244: “参数”: 从“double”转换到“float”，可能丢失数据
C:\Users\Administrator\Desktop\SelfDraw\ImGuiDraw\Draw.hpp(328,76): warning C4244: “参数”: 从“double”转换到“float”，可能丢失数据
C:\Users\Administrator\Desktop\SelfDraw\ImGuiDraw\Draw.hpp(333,107): warning C4244: “参数”: 从“double”转换到“float”，可能丢失数据
C:\Users\Administrator\Desktop\SelfDraw\ImGuiDraw\Draw.hpp(333,76): warning C4244: “参数”: 从“double”转换到“float”，可能丢失数据
C:\Users\Administrator\Desktop\SelfDraw\ImGuiDraw\Draw.hpp(341,58): warning C4244: “参数”: 从“int”转换到“float”，可能丢失数据
C:\Users\Administrator\Desktop\SelfDraw\ImGuiDraw\Draw.hpp(341,30): warning C4244: “参数”: 从“int”转换到“float”，可能丢失数据
C:\Users\Administrator\Desktop\SelfDraw\ImGuiDraw\Draw.hpp(341,79): warning C4244: “=”: 从“double”转换到“float”，可能丢失数据
C:\Users\Administrator\Desktop\SelfDraw\ImGuiDraw\Draw.hpp(351,54): warning C4244: “参数”: 从“int”转换到“float”，可能丢失数据
C:\Users\Administrator\Desktop\SelfDraw\ImGuiDraw\Draw.hpp(351,51): warning C4244: “参数”: 从“int”转换到“float”，可能丢失数据
C:\Users\Administrator\Desktop\SelfDraw\ImGuiDraw\Draw.hpp(351,76): warning C4244: “参数”: 从“int”转换到“float”，可能丢失数据
C:\Users\Administrator\Desktop\SelfDraw\ImGuiDraw\Draw.hpp(351,58): warning C4244: “参数”: 从“int”转换到“float”，可能丢失数据
C:\Users\Administrator\Desktop\SelfDraw\ImGuiDraw\Draw.hpp(360,56): warning C4244: “参数”: 从“int”转换到“float”，可能丢失数据
C:\Users\Administrator\Desktop\SelfDraw\ImGuiDraw\Draw.hpp(360,51): warning C4244: “参数”: 从“int”转换到“float”，可能丢失数据
C:\Users\Administrator\Desktop\SelfDraw\ImGuiDraw\Draw.hpp(360,74): warning C4244: “参数”: 从“int”转换到“float”，可能丢失数据
C:\Users\Administrator\Desktop\SelfDraw\ImGuiDraw\Draw.hpp(360,69): warning C4244: “参数”: 从“int”转换到“float”，可能丢失数据
C:\Users\Administrator\Desktop\SelfDraw\ImGuiDraw\Draw.hpp(360,85): warning C4244: “参数”: 从“int”转换到“float”，可能丢失数据
C:\Users\Administrator\Desktop\SelfDraw\ImGuiDraw\Draw.hpp(361,54): warning C4244: “参数”: 从“int”转换到“float”，可能丢失数据
C:\Users\Administrator\Desktop\SelfDraw\ImGuiDraw\Draw.hpp(361,49): warning C4244: “参数”: 从“int”转换到“float”，可能丢失数据
C:\Users\Administrator\Desktop\SelfDraw\ImGuiDraw\Draw.hpp(361,72): warning C4244: “参数”: 从“int”转换到“float”，可能丢失数据
C:\Users\Administrator\Desktop\SelfDraw\ImGuiDraw\Draw.hpp(361,67): warning C4244: “参数”: 从“int”转换到“float”，可能丢失数据
C:\Users\Administrator\Desktop\SelfDraw\ImGuiDraw\Draw.hpp(361,85): warning C4244: “参数”: 从“int”转换到“float”，可能丢失数据
C:\Users\Administrator\Desktop\SelfDraw\ImGuiDraw\Draw.hpp(367,52): warning C4244: “参数”: 从“int”转换到“float”，可能丢失数据
C:\Users\Administrator\Desktop\SelfDraw\ImGuiDraw\Draw.hpp(367,49): warning C4244: “参数”: 从“int”转换到“float”，可能丢失数据
C:\Users\Administrator\Desktop\SelfDraw\ImGuiDraw\Draw.hpp(367,75): warning C4244: “参数”: 从“int”转换到“float”，可能丢失数据
C:\Users\Administrator\Desktop\SelfDraw\ImGuiDraw\Draw.hpp(367,65): warning C4244: “参数”: 从“int”转换到“float”，可能丢失数据
C:\Users\Administrator\Desktop\SelfDraw\ImGuiDraw\Draw.hpp(367,86): warning C4244: “参数”: 从“int”转换到“float”，可能丢失数据
C:\Users\Administrator\Desktop\SelfDraw\ImGuiDraw\Draw.hpp(368,52): warning C4244: “参数”: 从“int”转换到“float”，可能丢失数据
C:\Users\Administrator\Desktop\SelfDraw\ImGuiDraw\Draw.hpp(368,49): warning C4244: “参数”: 从“int”转换到“float”，可能丢失数据
C:\Users\Administrator\Desktop\SelfDraw\ImGuiDraw\Draw.hpp(368,68): warning C4244: “参数”: 从“int”转换到“float”，可能丢失数据
C:\Users\Administrator\Desktop\SelfDraw\ImGuiDraw\Draw.hpp(368,63): warning C4244: “参数”: 从“int”转换到“float”，可能丢失数据
C:\Users\Administrator\Desktop\SelfDraw\ImGuiDraw\Draw.hpp(368,86): warning C4244: “参数”: 从“int”转换到“float”，可能丢失数据
C:\Users\Administrator\Desktop\SelfDraw\ImGuiDraw\Draw.hpp(369,52): warning C4244: “参数”: 从“int”转换到“float”，可能丢失数据
C:\Users\Administrator\Desktop\SelfDraw\ImGuiDraw\Draw.hpp(369,49): warning C4244: “参数”: 从“int”转换到“float”，可能丢失数据
C:\Users\Administrator\Desktop\SelfDraw\ImGuiDraw\Draw.hpp(369,75): warning C4244: “参数”: 从“int”转换到“float”，可能丢失数据
C:\Users\Administrator\Desktop\SelfDraw\ImGuiDraw\Draw.hpp(369,65): warning C4244: “参数”: 从“int”转换到“float”，可能丢失数据
C:\Users\Administrator\Desktop\SelfDraw\ImGuiDraw\Draw.hpp(369,86): warning C4244: “参数”: 从“int”转换到“float”，可能丢失数据
C:\Users\Administrator\Desktop\SelfDraw\ImGuiDraw\Draw.hpp(370,52): warning C4244: “参数”: 从“int”转换到“float”，可能丢失数据
C:\Users\Administrator\Desktop\SelfDraw\ImGuiDraw\Draw.hpp(370,49): warning C4244: “参数”: 从“int”转换到“float”，可能丢失数据
C:\Users\Administrator\Desktop\SelfDraw\ImGuiDraw\Draw.hpp(370,68): warning C4244: “参数”: 从“int”转换到“float”，可能丢失数据
C:\Users\Administrator\Desktop\SelfDraw\ImGuiDraw\Draw.hpp(370,63): warning C4244: “参数”: 从“int”转换到“float”，可能丢失数据
C:\Users\Administrator\Desktop\SelfDraw\ImGuiDraw\Draw.hpp(370,86): warning C4244: “参数”: 从“int”转换到“float”，可能丢失数据
C:\Users\Administrator\Desktop\SelfDraw\ImGuiDraw\Draw.hpp(371,52): warning C4244: “参数”: 从“int”转换到“float”，可能丢失数据
C:\Users\Administrator\Desktop\SelfDraw\ImGuiDraw\Draw.hpp(371,49): warning C4244: “参数”: 从“int”转换到“float”，可能丢失数据
C:\Users\Administrator\Desktop\SelfDraw\ImGuiDraw\Draw.hpp(371,68): warning C4244: “参数”: 从“int”转换到“float”，可能丢失数据
C:\Users\Administrator\Desktop\SelfDraw\ImGuiDraw\Draw.hpp(371,63): warning C4244: “参数”: 从“int”转换到“float”，可能丢失数据
C:\Users\Administrator\Desktop\SelfDraw\ImGuiDraw\Draw.hpp(371,86): warning C4244: “参数”: 从“int”转换到“float”，可能丢失数据
C:\Users\Administrator\Desktop\SelfDraw\ImGuiDraw\Draw.hpp(372,52): warning C4244: “参数”: 从“int”转换到“float”，可能丢失数据
C:\Users\Administrator\Desktop\SelfDraw\ImGuiDraw\Draw.hpp(372,49): warning C4244: “参数”: 从“int”转换到“float”，可能丢失数据
C:\Users\Administrator\Desktop\SelfDraw\ImGuiDraw\Draw.hpp(372,75): warning C4244: “参数”: 从“int”转换到“float”，可能丢失数据
C:\Users\Administrator\Desktop\SelfDraw\ImGuiDraw\Draw.hpp(372,65): warning C4244: “参数”: 从“int”转换到“float”，可能丢失数据
C:\Users\Administrator\Desktop\SelfDraw\ImGuiDraw\Draw.hpp(372,86): warning C4244: “参数”: 从“int”转换到“float”，可能丢失数据
C:\Users\Administrator\Desktop\SelfDraw\ImGuiDraw\Draw.hpp(373,52): warning C4244: “参数”: 从“int”转换到“float”，可能丢失数据
C:\Users\Administrator\Desktop\SelfDraw\ImGuiDraw\Draw.hpp(373,49): warning C4244: “参数”: 从“int”转换到“float”，可能丢失数据
C:\Users\Administrator\Desktop\SelfDraw\ImGuiDraw\Draw.hpp(373,68): warning C4244: “参数”: 从“int”转换到“float”，可能丢失数据
C:\Users\Administrator\Desktop\SelfDraw\ImGuiDraw\Draw.hpp(373,63): warning C4244: “参数”: 从“int”转换到“float”，可能丢失数据
C:\Users\Administrator\Desktop\SelfDraw\ImGuiDraw\Draw.hpp(373,86): warning C4244: “参数”: 从“int”转换到“float”，可能丢失数据
C:\Users\Administrator\Desktop\SelfDraw\ImGuiDraw\Draw.hpp(374,52): warning C4244: “参数”: 从“int”转换到“float”，可能丢失数据
C:\Users\Administrator\Desktop\SelfDraw\ImGuiDraw\Draw.hpp(374,49): warning C4244: “参数”: 从“int”转换到“float”，可能丢失数据
C:\Users\Administrator\Desktop\SelfDraw\ImGuiDraw\Draw.hpp(374,75): warning C4244: “参数”: 从“int”转换到“float”，可能丢失数据
C:\Users\Administrator\Desktop\SelfDraw\ImGuiDraw\Draw.hpp(374,65): warning C4244: “参数”: 从“int”转换到“float”，可能丢失数据
C:\Users\Administrator\Desktop\SelfDraw\ImGuiDraw\Draw.hpp(374,86): warning C4244: “参数”: 从“int”转换到“float”，可能丢失数据
C:\Users\Administrator\Desktop\SelfDraw\ImGuiDraw\main.cpp(479,8): warning C4101: “Enemy_MeDis”: 未引用的局部变量
C:\Users\Administrator\Desktop\SelfDraw\ImGuiDraw\main.cpp(493,6): warning C4101: “Ret”: 未引用的局部变量
  正在生成代码
  已完成代码的生成
  ImGuiDraw.vcxproj -> C:\Users\Administrator\Desktop\SelfDraw\Release\ImGuiDraw.exe
